[debug] [2023-06-29T00:38:29.861Z] ----------------------------------------------------------------------
[debug] [2023-06-29T00:38:29.863Z] Command:       C:\Program Files\nodejs\node.exe C:\Users\evang\AppData\Roaming\npm\node_modules\firebase-tools\lib\bin\firebase.js init functions
[debug] [2023-06-29T00:38:29.864Z] CLI Version:   12.4.1
[debug] [2023-06-29T00:38:29.864Z] Platform:      win32
[debug] [2023-06-29T00:38:29.865Z] Node Version:  v16.17.1
[debug] [2023-06-29T00:38:29.869Z] Time:          Thu Jun 29 2023 08:38:29 GMT+0800 (Singapore Standard Time)
[debug] [2023-06-29T00:38:29.870Z] ----------------------------------------------------------------------
[debug] 
[debug] [2023-06-29T00:38:29.951Z] > command requires scopes: ["email","openid","https://www.googleapis.com/auth/cloudplatformprojects.readonly","https://www.googleapis.com/auth/firebase","https://www.googleapis.com/auth/cloud-platform"]
[debug] [2023-06-29T00:38:29.952Z] > authorizing via signed-in user (evangelistajeffy25@gmail.com)
[info] 
     ######## #### ########  ######## ########     ###     ######  ########
     ##        ##  ##     ## ##       ##     ##  ##   ##  ##       ##
     ######    ##  ########  ######   ########  #########  ######  ######
     ##        ##  ##    ##  ##       ##     ## ##     ##       ## ##
     ##       #### ##     ## ######## ########  ##     ##  ######  ########

You're about to initialize a Firebase project in this directory:

  C:\Users\evang\Desktop\projects\redditv2

Before we get started, keep in mind:

  * You are initializing within an existing Firebase project directory

[info] 
=== Project Setup
[info] 
[info] First, let's associate this project directory with a Firebase project.
[info] You can create multiple project aliases by running firebase use --add, 
[info] but for now we'll just set up a default project.
[info] 
[debug] [2023-06-29T00:38:42.335Z] Using project from CLI flag: redditv2-4f48b
[debug] [2023-06-29T00:38:42.336Z] > refreshing access token with scopes: []
[debug] [2023-06-29T00:38:42.338Z] >>> [apiv2][query] POST https://www.googleapis.com/oauth2/v3/token [none]
[debug] [2023-06-29T00:38:42.338Z] >>> [apiv2][body] POST https://www.googleapis.com/oauth2/v3/token [omitted]
[debug] [2023-06-29T00:38:42.615Z] <<< [apiv2][status] POST https://www.googleapis.com/oauth2/v3/token 200
[debug] [2023-06-29T00:38:42.615Z] <<< [apiv2][body] POST https://www.googleapis.com/oauth2/v3/token [omitted]
[debug] [2023-06-29T00:38:42.625Z] >>> [apiv2][query] GET https://firebase.googleapis.com/v1beta1/projects/redditv2-4f48b [none]
[debug] [2023-06-29T00:38:43.067Z] <<< [apiv2][status] GET https://firebase.googleapis.com/v1beta1/projects/redditv2-4f48b 200
[debug] [2023-06-29T00:38:43.067Z] <<< [apiv2][body] GET https://firebase.googleapis.com/v1beta1/projects/redditv2-4f48b {"projectId":"redditv2-4f48b","projectNumber":"93700674657","displayName":"redditv2","name":"projects/redditv2-4f48b","resources":{"hostingSite":"redditv2-4f48b"},"state":"ACTIVE","etag":"1_95bfc53e-b26d-4ef8-ae4e-2be2104a6ed7"}
[info] i  Using project redditv2-4f48b (redditv2) 
[info] 
=== Functions Setup
[debug] [2023-06-29T00:38:43.074Z] > command requires scopes: ["email","openid","https://www.googleapis.com/auth/cloudplatformprojects.readonly","https://www.googleapis.com/auth/firebase","https://www.googleapis.com/auth/cloud-platform"]
[debug] [2023-06-29T00:38:43.074Z] > authorizing via signed-in user (evangelistajeffy25@gmail.com)
[debug] [2023-06-29T00:38:43.075Z] [iam] checking project redditv2-4f48b for permissions ["firebase.projects.get"]
[debug] [2023-06-29T00:38:43.075Z] >>> [apiv2][query] POST https://cloudresourcemanager.googleapis.com/v1/projects/redditv2-4f48b:testIamPermissions [none]
[debug] [2023-06-29T00:38:43.075Z] >>> [apiv2][(partial)header] POST https://cloudresourcemanager.googleapis.com/v1/projects/redditv2-4f48b:testIamPermissions x-goog-quota-user=projects/redditv2-4f48b
[debug] [2023-06-29T00:38:43.075Z] >>> [apiv2][body] POST https://cloudresourcemanager.googleapis.com/v1/projects/redditv2-4f48b:testIamPermissions {"permissions":["firebase.projects.get"]}
[debug] [2023-06-29T00:38:44.179Z] <<< [apiv2][status] POST https://cloudresourcemanager.googleapis.com/v1/projects/redditv2-4f48b:testIamPermissions 200
[debug] [2023-06-29T00:38:44.179Z] <<< [apiv2][body] POST https://cloudresourcemanager.googleapis.com/v1/projects/redditv2-4f48b:testIamPermissions {"permissions":["firebase.projects.get"]}
[debug] [2023-06-29T00:38:44.180Z] >>> [apiv2][query] GET https://serviceusage.googleapis.com/v1/projects/redditv2-4f48b/services/cloudfunctions.googleapis.com [none]
[debug] [2023-06-29T00:38:44.180Z] >>> [apiv2][(partial)header] GET https://serviceusage.googleapis.com/v1/projects/redditv2-4f48b/services/cloudfunctions.googleapis.com x-goog-quota-user=projects/redditv2-4f48b
[debug] [2023-06-29T00:38:44.181Z] >>> [apiv2][query] GET https://serviceusage.googleapis.com/v1/projects/redditv2-4f48b/services/runtimeconfig.googleapis.com [none]
[debug] [2023-06-29T00:38:44.181Z] >>> [apiv2][(partial)header] GET https://serviceusage.googleapis.com/v1/projects/redditv2-4f48b/services/runtimeconfig.googleapis.com x-goog-quota-user=projects/redditv2-4f48b
[debug] [2023-06-29T00:38:45.622Z] <<< [apiv2][status] GET https://serviceusage.googleapis.com/v1/projects/redditv2-4f48b/services/runtimeconfig.googleapis.com 200
[debug] [2023-06-29T00:38:45.622Z] <<< [apiv2][body] GET https://serviceusage.googleapis.com/v1/projects/redditv2-4f48b/services/runtimeconfig.googleapis.com [omitted]
[debug] [2023-06-29T00:38:45.680Z] <<< [apiv2][status] GET https://serviceusage.googleapis.com/v1/projects/redditv2-4f48b/services/cloudfunctions.googleapis.com 200
[debug] [2023-06-29T00:38:45.680Z] <<< [apiv2][body] GET https://serviceusage.googleapis.com/v1/projects/redditv2-4f48b/services/cloudfunctions.googleapis.com [omitted]
[info] 
Detected existing codebase(s): default

[info] Let's create a new codebase for your functions.
[info] A directory corresponding to the codebase will be created in your project
[info] with sample code pre-configured.

[info] See https://firebase.google.com/docs/functions/organize-functions for
[info] more information on organizing your functions using codebases.

[info] Functions can be deployed with firebase deploy.

